Line 63: Class MSAdodcLib.Adodc of control Adodc1 was not a loaded control class.
Line 68: The property name _ExtentX in Adodc1 is invalid.
Line 69: The property name _ExtentY in Adodc1 is invalid.
Line 70: The property name ConnectMode in Adodc1 is invalid.
Line 71: The property name CursorLocation in Adodc1 is invalid.
Line 72: The property name IsolationLevel in Adodc1 is invalid.
Line 73: The property name ConnectionTimeout in Adodc1 is invalid.
Line 74: The property name CommandTimeout in Adodc1 is invalid.
Line 75: The property name CursorType in Adodc1 is invalid.
Line 76: The property name LockType in Adodc1 is invalid.
Line 77: The property name CommandType in Adodc1 is invalid.
Line 78: The property name CursorOptions in Adodc1 is invalid.
Line 79: The property name CacheSize in Adodc1 is invalid.
Line 80: The property name MaxRecords in Adodc1 is invalid.
Line 81: The property name BOFAction in Adodc1 is invalid.
Line 82: The property name EOFAction in Adodc1 is invalid.
Line 83: The property name ConnectStringType in Adodc1 is invalid.
Line 87: The property name Orientation in Adodc1 is invalid.
Line 89: The property name Connect in Adodc1 is invalid.
Line 90: The property name OLEDBString in Adodc1 is invalid.
Line 91: The property name OLEDBFile in Adodc1 is invalid.
Line 92: The property name DataSourceName in Adodc1 is invalid.
Line 93: The property name OtherAttributes in Adodc1 is invalid.
Line 94: The property name UserName in Adodc1 is invalid.
Line 95: The property name Password in Adodc1 is invalid.
Line 96: The property name RecordSource in Adodc1 is invalid.
Line 97: The property name Caption in Adodc1 is invalid.
Line 107: The property name _Version in Adodc1 is invalid.
